ASSERTION	AAEDAAEBAwAAAAAAAECfQA==
RUN	com.ccousseran.gatling.BasicSimulation	basicsimulation	1565008639873	 	3.2.0
USER	Basic Simulation	5	START	1565008640511	1565008640511
USER	Basic Simulation	18	START	1565008640522	1565008640522
USER	Basic Simulation	23	START	1565008640527	1565008640527
USER	Basic Simulation	8	START	1565008640512	1565008640512
USER	Basic Simulation	3	START	1565008640511	1565008640511
USER	Basic Simulation	22	START	1565008640527	1565008640527
USER	Basic Simulation	25	START	1565008640560	1565008640560
USER	Basic Simulation	29	START	1565008640561	1565008640561
USER	Basic Simulation	27	START	1565008640560	1565008640560
USER	Basic Simulation	28	START	1565008640560	1565008640560
USER	Basic Simulation	26	START	1565008640560	1565008640560
USER	Basic Simulation	32	START	1565008640562	1565008640562
USER	Basic Simulation	33	START	1565008640562	1565008640562
USER	Basic Simulation	30	START	1565008640562	1565008640562
USER	Basic Simulation	31	START	1565008640562	1565008640562
USER	Basic Simulation	34	START	1565008640563	1565008640563
USER	Basic Simulation	35	START	1565008640563	1565008640563
USER	Basic Simulation	38	START	1565008640564	1565008640564
USER	Basic Simulation	37	START	1565008640563	1565008640563
USER	Basic Simulation	39	START	1565008640564	1565008640564
USER	Basic Simulation	40	START	1565008640564	1565008640564
USER	Basic Simulation	41	START	1565008640564	1565008640564
USER	Basic Simulation	42	START	1565008640564	1565008640564
USER	Basic Simulation	43	START	1565008640565	1565008640565
USER	Basic Simulation	44	START	1565008640565	1565008640565
USER	Basic Simulation	45	START	1565008640565	1565008640565
USER	Basic Simulation	17	START	1565008640522	1565008640522
USER	Basic Simulation	48	START	1565008640566	1565008640566
USER	Basic Simulation	46	START	1565008640565	1565008640565
USER	Basic Simulation	20	START	1565008640523	1565008640523
USER	Basic Simulation	50	START	1565008640566	1565008640566
USER	Basic Simulation	51	START	1565008640566	1565008640566
USER	Basic Simulation	53	START	1565008640566	1565008640566
USER	Basic Simulation	52	START	1565008640566	1565008640566
USER	Basic Simulation	54	START	1565008640567	1565008640567
USER	Basic Simulation	55	START	1565008640567	1565008640567
USER	Basic Simulation	47	START	1565008640565	1565008640565
USER	Basic Simulation	57	START	1565008640567	1565008640567
USER	Basic Simulation	56	START	1565008640567	1565008640567
USER	Basic Simulation	59	START	1565008640568	1565008640568
USER	Basic Simulation	16	START	1565008640519	1565008640519
USER	Basic Simulation	49	START	1565008640566	1565008640566
USER	Basic Simulation	60	START	1565008640568	1565008640568
USER	Basic Simulation	63	START	1565008640568	1565008640568
USER	Basic Simulation	64	START	1565008640568	1565008640568
USER	Basic Simulation	67	START	1565008640569	1565008640569
USER	Basic Simulation	66	START	1565008640569	1565008640569
USER	Basic Simulation	36	START	1565008640563	1565008640563
USER	Basic Simulation	68	START	1565008640569	1565008640569
USER	Basic Simulation	69	START	1565008640569	1565008640569
USER	Basic Simulation	19	START	1565008640527	1565008640527
USER	Basic Simulation	72	START	1565008640570	1565008640570
USER	Basic Simulation	71	START	1565008640570	1565008640570
USER	Basic Simulation	73	START	1565008640570	1565008640570
USER	Basic Simulation	58	START	1565008640567	1565008640567
USER	Basic Simulation	75	START	1565008640570	1565008640570
USER	Basic Simulation	74	START	1565008640570	1565008640570
USER	Basic Simulation	76	START	1565008640571	1565008640571
USER	Basic Simulation	77	START	1565008640571	1565008640571
USER	Basic Simulation	78	START	1565008640571	1565008640571
USER	Basic Simulation	79	START	1565008640571	1565008640571
USER	Basic Simulation	80	START	1565008640571	1565008640571
USER	Basic Simulation	81	START	1565008640572	1565008640572
USER	Basic Simulation	82	START	1565008640572	1565008640572
USER	Basic Simulation	83	START	1565008640572	1565008640572
USER	Basic Simulation	84	START	1565008640572	1565008640572
USER	Basic Simulation	85	START	1565008640572	1565008640572
USER	Basic Simulation	86	START	1565008640572	1565008640572
USER	Basic Simulation	87	START	1565008640573	1565008640573
USER	Basic Simulation	88	START	1565008640573	1565008640573
USER	Basic Simulation	14	START	1565008640522	1565008640522
USER	Basic Simulation	61	START	1565008640568	1565008640568
USER	Basic Simulation	65	START	1565008640568	1565008640568
USER	Basic Simulation	70	START	1565008640569	1565008640569
USER	Basic Simulation	62	START	1565008640568	1565008640568
USER	Basic Simulation	92	START	1565008640573	1565008640573
USER	Basic Simulation	93	START	1565008640573	1565008640573
USER	Basic Simulation	97	START	1565008640574	1565008640574
USER	Basic Simulation	91	START	1565008640573	1565008640573
USER	Basic Simulation	94	START	1565008640574	1565008640574
USER	Basic Simulation	95	START	1565008640574	1565008640574
USER	Basic Simulation	98	START	1565008640579	1565008640579
USER	Basic Simulation	96	START	1565008640574	1565008640574
USER	Basic Simulation	99	START	1565008640579	1565008640579
USER	Basic Simulation	89	START	1565008640573	1565008640573
USER	Basic Simulation	90	START	1565008640573	1565008640573
USER	Basic Simulation	100	START	1565008640580	1565008640580
USER	Basic Simulation	10	START	1565008640512	1565008640512
USER	Basic Simulation	13	START	1565008640515	1565008640515
USER	Basic Simulation	1	START	1565008640511	1565008640511
USER	Basic Simulation	2	START	1565008640511	1565008640511
USER	Basic Simulation	21	START	1565008640523	1565008640523
USER	Basic Simulation	7	START	1565008640511	1565008640511
USER	Basic Simulation	4	START	1565008640511	1565008640511
USER	Basic Simulation	6	START	1565008640511	1565008640511
USER	Basic Simulation	9	START	1565008640513	1565008640513
USER	Basic Simulation	12	START	1565008640513	1565008640513
USER	Basic Simulation	24	START	1565008640534	1565008640534
USER	Basic Simulation	15	START	1565008640522	1565008640522
USER	Basic Simulation	11	START	1565008640513	1565008640513
REQUEST	77		Get Computers	1565008640572	1565008640707	OK	 
REQUEST	83		Get Computers	1565008640573	1565008640709	OK	 
REQUEST	53		Get Computers	1565008640567	1565008640711	OK	 
REQUEST	46		Get Computers	1565008640566	1565008640709	OK	 
REQUEST	66		Get Computers	1565008640569	1565008640708	OK	 
REQUEST	47		Get Computers	1565008640568	1565008640707	OK	 
REQUEST	7		Get Computers	1565008640557	1565008640708	OK	 
REQUEST	57		Get Computers	1565008640568	1565008640710	OK	 
REQUEST	48		Get Computers	1565008640566	1565008640687	OK	 
REQUEST	12		Get Computers	1565008640558	1565008640719	OK	 
REQUEST	67		Get Computers	1565008640569	1565008640721	OK	 
REQUEST	29		Get Computers	1565008640562	1565008640723	OK	 
REQUEST	14		Get Computers	1565008640559	1565008640723	OK	 
REQUEST	15		Get Computers	1565008640559	1565008640721	OK	 
REQUEST	89		Get Computers	1565008640580	1565008640723	OK	 
REQUEST	19		Get Computers	1565008640557	1565008640724	OK	 
REQUEST	50		Get Computers	1565008640567	1565008640723	OK	 
REQUEST	9		Get Computers	1565008640557	1565008640724	OK	 
REQUEST	93		Get Computers	1565008640579	1565008640725	OK	 
REQUEST	18		Get Computers	1565008640558	1565008640726	OK	 
REQUEST	41		Get Computers	1565008640565	1565008640726	OK	 
REQUEST	90		Get Computers	1565008640582	1565008640727	OK	 
REQUEST	86		Get Computers	1565008640573	1565008640727	OK	 
REQUEST	17		Get Computers	1565008640558	1565008640727	OK	 
REQUEST	6		Get Computers	1565008640557	1565008640728	OK	 
REQUEST	45		Get Computers	1565008640566	1565008640728	OK	 
REQUEST	43		Get Computers	1565008640565	1565008640728	OK	 
REQUEST	85		Get Computers	1565008640573	1565008640728	OK	 
REQUEST	81		Get Computers	1565008640572	1565008640729	OK	 
REQUEST	39		Get Computers	1565008640565	1565008640729	OK	 
REQUEST	74		Get Computers	1565008640571	1565008640729	OK	 
REQUEST	37		Get Computers	1565008640564	1565008640729	OK	 
REQUEST	33		Get Computers	1565008640563	1565008640729	OK	 
REQUEST	42		Get Computers	1565008640565	1565008640729	OK	 
REQUEST	26		Get Computers	1565008640562	1565008640730	OK	 
REQUEST	97		Get Computers	1565008640580	1565008640730	OK	 
REQUEST	5		Get Computers	1565008640558	1565008640730	OK	 
REQUEST	52		Get Computers	1565008640567	1565008640734	OK	 
REQUEST	64		Get Computers	1565008640569	1565008640734	OK	 
REQUEST	88		Get Computers	1565008640573	1565008640733	OK	 
REQUEST	80		Get Computers	1565008640572	1565008640735	OK	 
REQUEST	96		Get Computers	1565008640581	1565008640736	OK	 
REQUEST	16		Get Computers	1565008640557	1565008640737	OK	 
REQUEST	32		Get Computers	1565008640563	1565008640737	OK	 
REQUEST	99		Get Computers	1565008640581	1565008640738	OK	 
REQUEST	23		Get Computers	1565008640558	1565008640738	OK	 
REQUEST	25		Get Computers	1565008640562	1565008640738	OK	 
REQUEST	34		Get Computers	1565008640564	1565008640738	OK	 
REQUEST	87		Get Computers	1565008640573	1565008640738	OK	 
REQUEST	21		Get Computers	1565008640557	1565008640738	OK	 
REQUEST	98		Get Computers	1565008640581	1565008640739	OK	 
REQUEST	71		Get Computers	1565008640570	1565008640739	OK	 
REQUEST	69		Get Computers	1565008640570	1565008640739	OK	 
REQUEST	31		Get Computers	1565008640563	1565008640739	OK	 
REQUEST	13		Get Computers	1565008640558	1565008640739	OK	 
REQUEST	61		Get Computers	1565008640574	1565008640740	OK	 
REQUEST	3		Get Computers	1565008640558	1565008640740	OK	 
REQUEST	82		Get Computers	1565008640572	1565008640740	OK	 
REQUEST	73		Get Computers	1565008640571	1565008640740	OK	 
REQUEST	20		Get Computers	1565008640559	1565008640740	OK	 
REQUEST	63		Get Computers	1565008640569	1565008640740	OK	 
REQUEST	51		Get Computers	1565008640567	1565008640741	OK	 
REQUEST	35		Get Computers	1565008640564	1565008640742	OK	 
REQUEST	94		Get Computers	1565008640580	1565008640747	OK	 
REQUEST	70		Get Computers	1565008640574	1565008640747	OK	 
REQUEST	4		Get Computers	1565008640557	1565008640747	OK	 
REQUEST	28		Get Computers	1565008640562	1565008640747	OK	 
REQUEST	22		Get Computers	1565008640558	1565008640748	OK	 
REQUEST	59		Get Computers	1565008640568	1565008640748	OK	 
REQUEST	92		Get Computers	1565008640579	1565008640748	OK	 
REQUEST	54		Get Computers	1565008640567	1565008640748	OK	 
REQUEST	44		Get Computers	1565008640565	1565008640749	OK	 
REQUEST	30		Get Computers	1565008640563	1565008640750	OK	 
REQUEST	95		Get Computers	1565008640580	1565008640750	OK	 
REQUEST	40		Get Computers	1565008640565	1565008640750	OK	 
REQUEST	36		Get Computers	1565008640569	1565008640750	OK	 
REQUEST	76		Get Computers	1565008640571	1565008640750	OK	 
REQUEST	1		Get Computers	1565008640558	1565008640750	OK	 
REQUEST	27		Get Computers	1565008640562	1565008640750	OK	 
REQUEST	10		Get Computers	1565008640558	1565008640751	OK	 
REQUEST	78		Get Computers	1565008640572	1565008640751	OK	 
REQUEST	84		Get Computers	1565008640573	1565008640751	OK	 
REQUEST	79		Get Computers	1565008640572	1565008640751	OK	 
REQUEST	58		Get Computers	1565008640571	1565008640751	OK	 
REQUEST	91		Get Computers	1565008640580	1565008640751	OK	 
REQUEST	75		Get Computers	1565008640571	1565008640752	OK	 
REQUEST	2		Get Computers	1565008640557	1565008640752	OK	 
REQUEST	38		Get Computers	1565008640564	1565008640752	OK	 
REQUEST	11		Get Computers	1565008640559	1565008640753	OK	 
REQUEST	49		Get Computers	1565008640568	1565008640753	OK	 
REQUEST	62		Get Computers	1565008640574	1565008640753	OK	 
REQUEST	24		Get Computers	1565008640557	1565008640753	OK	 
REQUEST	56		Get Computers	1565008640568	1565008640754	OK	 
REQUEST	60		Get Computers	1565008640568	1565008640754	OK	 
REQUEST	55		Get Computers	1565008640567	1565008640755	OK	 
REQUEST	72		Get Computers	1565008640570	1565008640755	OK	 
REQUEST	8		Get Computers	1565008640558	1565008640755	OK	 
REQUEST	100		Get Computers	1565008640582	1565008641741	OK	 
REQUEST	65		Get Computers	1565008640574	1565008641741	OK	 
REQUEST	68		Get Computers	1565008640570	1565008641743	OK	 
REQUEST	46		Page 0	1565008645745	1565008645759	OK	 
REQUEST	90		Page 0	1565008645744	1565008645759	OK	 
REQUEST	17		Page 0	1565008645744	1565008645760	OK	 
REQUEST	53		Page 0	1565008645743	1565008645762	OK	 
REQUEST	67		Page 0	1565008645743	1565008645763	OK	 
REQUEST	43		Page 0	1565008645744	1565008645760	OK	 
REQUEST	29		Page 0	1565008645743	1565008645763	OK	 
REQUEST	15		Page 0	1565008645743	1565008645760	OK	 
REQUEST	7		Page 0	1565008645742	1565008645759	OK	 
REQUEST	86		Page 0	1565008645744	1565008645770	OK	 
REQUEST	19		Page 0	1565008645743	1565008645770	OK	 
REQUEST	48		Page 0	1565008645742	1565008645763	OK	 
REQUEST	85		Page 0	1565008645744	1565008645772	OK	 
REQUEST	18		Page 0	1565008645744	1565008645772	OK	 
REQUEST	81		Page 0	1565008645744	1565008645778	OK	 
REQUEST	14		Page 0	1565008645750	1565008645778	OK	 
REQUEST	6		Page 0	1565008645744	1565008645775	OK	 
REQUEST	83		Page 0	1565008645746	1565008645781	OK	 
REQUEST	66		Page 0	1565008645747	1565008645780	OK	 
REQUEST	52		Page 0	1565008645751	1565008645782	OK	 
REQUEST	93		Page 0	1565008645743	1565008645773	OK	 
REQUEST	47		Page 0	1565008645748	1565008645783	OK	 
REQUEST	50		Page 0	1565008645743	1565008645783	OK	 
REQUEST	12		Page 0	1565008645742	1565008645781	OK	 
REQUEST	89		Page 0	1565008645743	1565008645780	OK	 
REQUEST	77		Page 0	1565008645746	1565008645783	OK	 
REQUEST	45		Page 0	1565008645744	1565008645784	OK	 
REQUEST	9		Page 0	1565008645743	1565008645784	OK	 
REQUEST	57		Page 0	1565008645743	1565008645785	OK	 
REQUEST	64		Page 0	1565008645751	1565008645785	OK	 
REQUEST	88		Page 0	1565008645751	1565008645786	OK	 
REQUEST	80		Page 0	1565008645751	1565008645787	OK	 
REQUEST	32		Page 0	1565008645752	1565008645787	OK	 
REQUEST	16		Page 0	1565008645752	1565008645788	OK	 
REQUEST	41		Page 0	1565008645744	1565008645789	OK	 
REQUEST	96		Page 0	1565008645751	1565008645789	OK	 
REQUEST	25		Page 0	1565008645752	1565008645791	OK	 
REQUEST	97		Page 0	1565008645751	1565008645791	OK	 
REQUEST	33		Page 0	1565008645753	1565008645794	OK	 
REQUEST	23		Page 0	1565008645752	1565008645794	OK	 
REQUEST	87		Page 0	1565008645752	1565008645795	OK	 
REQUEST	39		Page 0	1565008645750	1565008645797	OK	 
REQUEST	5		Page 0	1565008645753	1565008645797	OK	 
REQUEST	37		Page 0	1565008645751	1565008645798	OK	 
REQUEST	26		Page 0	1565008645751	1565008645799	OK	 
REQUEST	21		Page 0	1565008645752	1565008645800	OK	 
REQUEST	42		Page 0	1565008645753	1565008645801	OK	 
REQUEST	74		Page 0	1565008645753	1565008645801	OK	 
REQUEST	98		Page 0	1565008645752	1565008645803	OK	 
REQUEST	34		Page 0	1565008645752	1565008645804	OK	 
REQUEST	73		Page 0	1565008645761	1565008645804	OK	 
REQUEST	20		Page 0	1565008645761	1565008645805	OK	 
REQUEST	4		Page 0	1565008645762	1565008645807	OK	 
REQUEST	28		Page 0	1565008645762	1565008645807	OK	 
REQUEST	82		Page 0	1565008645761	1565008645807	OK	 
REQUEST	92		Page 0	1565008645762	1565008645809	OK	 
REQUEST	22		Page 0	1565008645762	1565008645810	OK	 
REQUEST	70		Page 0	1565008645761	1565008645811	OK	 
REQUEST	54		Page 0	1565008645762	1565008645814	OK	 
REQUEST	94		Page 0	1565008645762	1565008645814	OK	 
REQUEST	31		Page 0	1565008645761	1565008645815	OK	 
REQUEST	59		Page 0	1565008645762	1565008645815	OK	 
REQUEST	71		Page 0	1565008645760	1565008645817	OK	 
REQUEST	63		Page 0	1565008645761	1565008645817	OK	 
REQUEST	99		Page 0	1565008645761	1565008645818	OK	 
REQUEST	3		Page 0	1565008645761	1565008645819	OK	 
REQUEST	51		Page 0	1565008645761	1565008645820	OK	 
REQUEST	35		Page 0	1565008645761	1565008645821	OK	 
REQUEST	61		Page 0	1565008645761	1565008645822	OK	 
REQUEST	13		Page 0	1565008645761	1565008645823	OK	 
REQUEST	10		Page 0	1565008645773	1565008645824	OK	 
REQUEST	69		Page 0	1565008645760	1565008645824	OK	 
REQUEST	30		Page 0	1565008645773	1565008645826	OK	 
REQUEST	84		Page 0	1565008645774	1565008645826	OK	 
REQUEST	58		Page 0	1565008645774	1565008645828	OK	 
REQUEST	62		Page 0	1565008645774	1565008645828	OK	 
REQUEST	78		Page 0	1565008645774	1565008645831	OK	 
REQUEST	36		Page 0	1565008645776	1565008645831	OK	 
REQUEST	55		Page 0	1565008645776	1565008645832	OK	 
REQUEST	40		Page 0	1565008645774	1565008645839	OK	 
REQUEST	72		Page 0	1565008645775	1565008645840	OK	 
REQUEST	24		Page 0	1565008645774	1565008645841	OK	 
REQUEST	56		Page 0	1565008645776	1565008645841	OK	 
REQUEST	8		Page 0	1565008645776	1565008645843	OK	 
REQUEST	44		Page 0	1565008645773	1565008645844	OK	 
REQUEST	2		Page 0	1565008645774	1565008645844	OK	 
REQUEST	76		Page 0	1565008645773	1565008645846	OK	 
REQUEST	27		Page 0	1565008645773	1565008645846	OK	 
REQUEST	60		Page 0	1565008645776	1565008645847	OK	 
REQUEST	91		Page 0	1565008645776	1565008645848	OK	 
REQUEST	75		Page 0	1565008645774	1565008645849	OK	 
REQUEST	11		Page 0	1565008645774	1565008645849	OK	 
REQUEST	1		Page 0	1565008645773	1565008645851	OK	 
REQUEST	38		Page 0	1565008645774	1565008645851	OK	 
REQUEST	49		Page 0	1565008645776	1565008645852	OK	 
REQUEST	79		Page 0	1565008645774	1565008645852	OK	 
REQUEST	95		Page 0	1565008645773	1565008645853	OK	 
REQUEST	48		Page 1	1565008646741	1565008646748	OK	 
REQUEST	7		Page 1	1565008646741	1565008646748	OK	 
REQUEST	53		Page 1	1565008646751	1565008646756	OK	 
REQUEST	46		Page 1	1565008646751	1565008646756	OK	 
REQUEST	15		Page 1	1565008646751	1565008646756	OK	 
REQUEST	43		Page 1	1565008646762	1565008646766	OK	 
REQUEST	67		Page 1	1565008646761	1565008646766	OK	 
REQUEST	90		Page 1	1565008646761	1565008646768	OK	 
REQUEST	19		Page 1	1565008646762	1565008646768	OK	 
REQUEST	17		Page 1	1565008646762	1565008646770	OK	 
REQUEST	29		Page 1	1565008646762	1565008646770	OK	 
REQUEST	65		Page 0	1565008646761	1565008646771	OK	 
REQUEST	100		Page 0	1565008646761	1565008646772	OK	 
REQUEST	68		Page 0	1565008646761	1565008646773	OK	 
REQUEST	77		Page 1	1565008646771	1565008646775	OK	 
REQUEST	85		Page 1	1565008646771	1565008646776	OK	 
REQUEST	66		Page 1	1565008646771	1565008646776	OK	 
REQUEST	14		Page 1	1565008646781	1565008646785	OK	 
REQUEST	47		Page 1	1565008646781	1565008646785	OK	 
REQUEST	89		Page 1	1565008646782	1565008646791	OK	 
REQUEST	83		Page 1	1565008646781	1565008646792	OK	 
REQUEST	57		Page 1	1565008646782	1565008646792	OK	 
REQUEST	86		Page 1	1565008646781	1565008646794	OK	 
REQUEST	50		Page 1	1565008646782	1565008646794	OK	 
REQUEST	12		Page 1	1565008646782	1565008646795	OK	 
REQUEST	6		Page 1	1565008646781	1565008646795	OK	 
REQUEST	18		Page 1	1565008646783	1565008646796	OK	 
REQUEST	93		Page 1	1565008646781	1565008646796	OK	 
REQUEST	9		Page 1	1565008646791	1565008646797	OK	 
REQUEST	88		Page 1	1565008646791	1565008646798	OK	 
REQUEST	41		Page 1	1565008646792	1565008646798	OK	 
REQUEST	26		Page 1	1565008646794	1565008646801	OK	 
REQUEST	64		Page 1	1565008646791	1565008646801	OK	 
REQUEST	80		Page 1	1565008646791	1565008646803	OK	 
REQUEST	45		Page 1	1565008646791	1565008646811	OK	 
REQUEST	5		Page 1	1565008646793	1565008646812	OK	 
REQUEST	32		Page 1	1565008646792	1565008646810	OK	 
REQUEST	39		Page 1	1565008646795	1565008646813	OK	 
REQUEST	37		Page 1	1565008646794	1565008646814	OK	 
REQUEST	33		Page 1	1565008646793	1565008646814	OK	 
REQUEST	16		Page 1	1565008646792	1565008646815	OK	 
REQUEST	97		Page 1	1565008646793	1565008646815	OK	 
REQUEST	96		Page 1	1565008646792	1565008646816	OK	 
REQUEST	81		Page 1	1565008646796	1565008646818	OK	 
REQUEST	52		Page 1	1565008646798	1565008646818	OK	 
REQUEST	23		Page 1	1565008646800	1565008646819	OK	 
REQUEST	82		Page 1	1565008646800	1565008646820	OK	 
REQUEST	74		Page 1	1565008646800	1565008646820	OK	 
REQUEST	87		Page 1	1565008646801	1565008646820	OK	 
REQUEST	20		Page 1	1565008646800	1565008646819	OK	 
REQUEST	25		Page 1	1565008646800	1565008646820	OK	 
REQUEST	42		Page 1	1565008646800	1565008646821	OK	 
REQUEST	73		Page 1	1565008646801	1565008646824	OK	 
REQUEST	4		Page 1	1565008646811	1565008646828	OK	 
REQUEST	98		Page 1	1565008646811	1565008646828	OK	 
REQUEST	31		Page 1	1565008646811	1565008646828	OK	 
REQUEST	3		Page 1	1565008646812	1565008646829	OK	 
REQUEST	34		Page 1	1565008646812	1565008646830	OK	 
REQUEST	63		Page 1	1565008646812	1565008646830	OK	 
REQUEST	28		Page 1	1565008646811	1565008646831	OK	 
REQUEST	99		Page 1	1565008646812	1565008646831	OK	 
REQUEST	71		Page 1	1565008646811	1565008646831	OK	 
REQUEST	21		Page 1	1565008646815	1565008646832	OK	 
REQUEST	61		Page 1	1565008646822	1565008646838	OK	 
REQUEST	51		Page 1	1565008646822	1565008646838	OK	 
REQUEST	92		Page 1	1565008646820	1565008646838	OK	 
REQUEST	22		Page 1	1565008646821	1565008646838	OK	 
REQUEST	58		Page 1	1565008646823	1565008646844	OK	 
REQUEST	84		Page 1	1565008646823	1565008646844	OK	 
REQUEST	54		Page 1	1565008646821	1565008646844	OK	 
REQUEST	69		Page 1	1565008646822	1565008646844	OK	 
REQUEST	59		Page 1	1565008646822	1565008646844	OK	 
REQUEST	10		Page 1	1565008646824	1565008646845	OK	 
REQUEST	70		Page 1	1565008646821	1565008646845	OK	 
REQUEST	94		Page 1	1565008646821	1565008646846	OK	 
REQUEST	13		Page 1	1565008646826	1565008646846	OK	 
REQUEST	30		Page 1	1565008646822	1565008646848	OK	 
REQUEST	35		Page 1	1565008646830	1565008646848	OK	 
REQUEST	62		Page 1	1565008646823	1565008646849	OK	 
REQUEST	40		Page 1	1565008646832	1565008646849	OK	 
REQUEST	36		Page 1	1565008646832	1565008646849	OK	 
REQUEST	78		Page 1	1565008646830	1565008646850	OK	 
REQUEST	24		Page 1	1565008646841	1565008646855	OK	 
REQUEST	76		Page 1	1565008646841	1565008646855	OK	 
REQUEST	2		Page 1	1565008646841	1565008646855	OK	 
REQUEST	55		Page 1	1565008646841	1565008646856	OK	 
REQUEST	27		Page 1	1565008646841	1565008646855	OK	 
REQUEST	56		Page 1	1565008646841	1565008646856	OK	 
REQUEST	44		Page 1	1565008646841	1565008646857	OK	 
REQUEST	91		Page 1	1565008646841	1565008646857	OK	 
REQUEST	60		Page 1	1565008646841	1565008646857	OK	 
REQUEST	75		Page 1	1565008646841	1565008646858	OK	 
REQUEST	11		Page 1	1565008646841	1565008646858	OK	 
REQUEST	72		Page 1	1565008646852	1565008646862	OK	 
REQUEST	1		Page 1	1565008646850	1565008646862	OK	 
REQUEST	38		Page 1	1565008646851	1565008646862	OK	 
REQUEST	79		Page 1	1565008646851	1565008646862	OK	 
REQUEST	95		Page 1	1565008646851	1565008646863	OK	 
REQUEST	8		Page 1	1565008646852	1565008646863	OK	 
REQUEST	49		Page 1	1565008646851	1565008646863	OK	 
REQUEST	7		Page 2	1565008647750	1565008647755	OK	 
REQUEST	46		Page 2	1565008647750	1565008647755	OK	 
REQUEST	15		Page 2	1565008647760	1565008647765	OK	 
REQUEST	48		Page 2	1565008647760	1565008647766	OK	 
REQUEST	53		Page 2	1565008647760	1565008647766	OK	 
REQUEST	90		Page 2	1565008647771	1565008647777	OK	 
REQUEST	43		Page 2	1565008647771	1565008647779	OK	 
REQUEST	65		Page 1	1565008647771	1565008647780	OK	 
REQUEST	66		Page 2	1565008647771	1565008647780	OK	 
REQUEST	100		Page 1	1565008647771	1565008647780	OK	 
REQUEST	67		Page 2	1565008647771	1565008647781	OK	 
REQUEST	19		Page 2	1565008647771	1565008647782	OK	 
REQUEST	17		Page 2	1565008647780	1565008647785	OK	 
REQUEST	29		Page 2	1565008647780	1565008647787	OK	 
REQUEST	68		Page 1	1565008647780	1565008647790	OK	 
REQUEST	77		Page 2	1565008647780	1565008647790	OK	 
REQUEST	47		Page 2	1565008647781	1565008647790	OK	 
REQUEST	14		Page 2	1565008647781	1565008647790	OK	 
REQUEST	85		Page 2	1565008647781	1565008647790	OK	 
REQUEST	86		Page 2	1565008647790	1565008647796	OK	 
REQUEST	18		Page 2	1565008647790	1565008647797	OK	 
REQUEST	83		Page 2	1565008647790	1565008647799	OK	 
REQUEST	57		Page 2	1565008647790	1565008647801	OK	 
REQUEST	88		Page 2	1565008647790	1565008647801	OK	 
REQUEST	12		Page 2	1565008647790	1565008647801	OK	 
REQUEST	6		Page 2	1565008647790	1565008647801	OK	 
REQUEST	41		Page 2	1565008647791	1565008647801	OK	 
REQUEST	93		Page 2	1565008647791	1565008647801	OK	 
REQUEST	89		Page 2	1565008647791	1565008647802	OK	 
REQUEST	9		Page 2	1565008647790	1565008647802	OK	 
REQUEST	50		Page 2	1565008647800	1565008647804	OK	 
REQUEST	64		Page 2	1565008647800	1565008647804	OK	 
REQUEST	26		Page 2	1565008647809	1565008647816	OK	 
REQUEST	81		Page 2	1565008647809	1565008647819	OK	 
REQUEST	52		Page 2	1565008647809	1565008647819	OK	 
REQUEST	32		Page 2	1565008647809	1565008647819	OK	 
REQUEST	45		Page 2	1565008647809	1565008647819	OK	 
REQUEST	97		Page 2	1565008647809	1565008647819	OK	 
REQUEST	80		Page 2	1565008647809	1565008647819	OK	 
REQUEST	74		Page 2	1565008647820	1565008647824	OK	 
REQUEST	42		Page 2	1565008647820	1565008647831	OK	 
REQUEST	37		Page 2	1565008647820	1565008647831	OK	 
REQUEST	25		Page 2	1565008647820	1565008647831	OK	 
REQUEST	98		Page 2	1565008647820	1565008647831	OK	 
REQUEST	33		Page 2	1565008647820	1565008647831	OK	 
REQUEST	39		Page 2	1565008647820	1565008647831	OK	 
REQUEST	20		Page 2	1565008647820	1565008647831	OK	 
REQUEST	16		Page 2	1565008647820	1565008647831	OK	 
REQUEST	23		Page 2	1565008647820	1565008647832	OK	 
REQUEST	96		Page 2	1565008647820	1565008647832	OK	 
REQUEST	5		Page 2	1565008647820	1565008647832	OK	 
REQUEST	82		Page 2	1565008647830	1565008647837	OK	 
REQUEST	87		Page 2	1565008647830	1565008647837	OK	 
REQUEST	61		Page 2	1565008647830	1565008647841	OK	 
REQUEST	31		Page 2	1565008647831	1565008647841	OK	 
REQUEST	92		Page 2	1565008647830	1565008647841	OK	 
REQUEST	51		Page 2	1565008647830	1565008647841	OK	 
REQUEST	73		Page 2	1565008647830	1565008647841	OK	 
REQUEST	22		Page 2	1565008647830	1565008647842	OK	 
REQUEST	4		Page 2	1565008647830	1565008647842	OK	 
REQUEST	21		Page 2	1565008647830	1565008647842	OK	 
REQUEST	70		Page 2	1565008647840	1565008647848	OK	 
REQUEST	94		Page 2	1565008647840	1565008647848	OK	 
REQUEST	13		Page 2	1565008647840	1565008647848	OK	 
REQUEST	71		Page 2	1565008647841	1565008647848	OK	 
REQUEST	28		Page 2	1565008647840	1565008647848	OK	 
REQUEST	34		Page 2	1565008647840	1565008647848	OK	 
REQUEST	10		Page 2	1565008647840	1565008647855	OK	 
REQUEST	63		Page 2	1565008647841	1565008647855	OK	 
REQUEST	99		Page 2	1565008647841	1565008647855	OK	 
REQUEST	35		Page 2	1565008647840	1565008647855	OK	 
REQUEST	3		Page 2	1565008647841	1565008647855	OK	 
REQUEST	59		Page 2	1565008647840	1565008647857	OK	 
REQUEST	24		Page 2	1565008647849	1565008647863	OK	 
REQUEST	30		Page 2	1565008647850	1565008647863	OK	 
REQUEST	55		Page 2	1565008647849	1565008647863	OK	 
REQUEST	36		Page 2	1565008647849	1565008647863	OK	 
REQUEST	69		Page 2	1565008647849	1565008647863	OK	 
REQUEST	54		Page 2	1565008647850	1565008647863	OK	 
REQUEST	56		Page 2	1565008647850	1565008647863	OK	 
REQUEST	84		Page 2	1565008647849	1565008647863	OK	 
REQUEST	78		Page 2	1565008647850	1565008647865	OK	 
REQUEST	58		Page 2	1565008647850	1565008647865	OK	 
REQUEST	75		Page 2	1565008647860	1565008647870	OK	 
REQUEST	76		Page 2	1565008647860	1565008647870	OK	 
REQUEST	40		Page 2	1565008647860	1565008647870	OK	 
REQUEST	38		Page 2	1565008647860	1565008647871	OK	 
REQUEST	11		Page 2	1565008647860	1565008647871	OK	 
REQUEST	60		Page 2	1565008647860	1565008647871	OK	 
REQUEST	72		Page 2	1565008647860	1565008647871	OK	 
REQUEST	91		Page 2	1565008647860	1565008647876	OK	 
REQUEST	27		Page 2	1565008647860	1565008647876	OK	 
REQUEST	95		Page 2	1565008647860	1565008647876	OK	 
REQUEST	1		Page 2	1565008647860	1565008647877	OK	 
REQUEST	44		Page 2	1565008647860	1565008647877	OK	 
REQUEST	2		Page 2	1565008647860	1565008647877	OK	 
REQUEST	79		Page 2	1565008647860	1565008647877	OK	 
REQUEST	62		Page 2	1565008647861	1565008647877	OK	 
REQUEST	8		Page 2	1565008647860	1565008647877	OK	 
REQUEST	49		Page 2	1565008647870	1565008647877	OK	 
REQUEST	48		Page 3	1565008648760	1565008648764	OK	 
REQUEST	46		Page 3	1565008648760	1565008648766	OK	 
REQUEST	7		Page 3	1565008648760	1565008648766	OK	 
REQUEST	90		Page 3	1565008648770	1565008648775	OK	 
REQUEST	15		Page 3	1565008648770	1565008648775	OK	 
REQUEST	53		Page 3	1565008648770	1565008648775	OK	 
REQUEST	43		Page 3	1565008648782	1565008648785	OK	 
REQUEST	29		Page 3	1565008648783	1565008648787	OK	 
REQUEST	17		Page 3	1565008648782	1565008648787	OK	 
REQUEST	67		Page 3	1565008648782	1565008648793	OK	 
REQUEST	66		Page 3	1565008648791	1565008648794	OK	 
REQUEST	65		Page 2	1565008648791	1565008648796	OK	 
REQUEST	68		Page 2	1565008648791	1565008648799	OK	 
REQUEST	47		Page 3	1565008648791	1565008648799	OK	 
REQUEST	100		Page 2	1565008648791	1565008648801	OK	 
REQUEST	86		Page 3	1565008648792	1565008648801	OK	 
REQUEST	14		Page 3	1565008648793	1565008648801	OK	 
REQUEST	77		Page 3	1565008648791	1565008648802	OK	 
REQUEST	19		Page 3	1565008648791	1565008648803	OK	 
REQUEST	83		Page 3	1565008648792	1565008648803	OK	 
REQUEST	64		Page 3	1565008648800	1565008648804	OK	 
REQUEST	89		Page 3	1565008648800	1565008648805	OK	 
REQUEST	57		Page 3	1565008648800	1565008648806	OK	 
REQUEST	50		Page 3	1565008648800	1565008648808	OK	 
REQUEST	85		Page 3	1565008648800	1565008648808	OK	 
REQUEST	93		Page 3	1565008648801	1565008648809	OK	 
REQUEST	18		Page 3	1565008648800	1565008648809	OK	 
REQUEST	9		Page 3	1565008648810	1565008648819	OK	 
REQUEST	26		Page 3	1565008648811	1565008648819	OK	 
REQUEST	12		Page 3	1565008648810	1565008648819	OK	 
REQUEST	88		Page 3	1565008648810	1565008648819	OK	 
REQUEST	41		Page 3	1565008648810	1565008648820	OK	 
REQUEST	80		Page 3	1565008648811	1565008648820	OK	 
REQUEST	6		Page 3	1565008648810	1565008648820	OK	 
REQUEST	45		Page 3	1565008648811	1565008648821	OK	 
REQUEST	74		Page 3	1565008648820	1565008648825	OK	 
REQUEST	32		Page 3	1565008648820	1565008648825	OK	 
REQUEST	52		Page 3	1565008648820	1565008648825	OK	 
REQUEST	81		Page 3	1565008648820	1565008648826	OK	 
REQUEST	97		Page 3	1565008648820	1565008648826	OK	 
REQUEST	33		Page 3	1565008648830	1565008648835	OK	 
REQUEST	82		Page 3	1565008648830	1565008648838	OK	 
REQUEST	37		Page 3	1565008648830	1565008648841	OK	 
REQUEST	96		Page 3	1565008648830	1565008648841	OK	 
REQUEST	16		Page 3	1565008648830	1565008648842	OK	 
REQUEST	5		Page 3	1565008648830	1565008648842	OK	 
REQUEST	34		Page 3	1565008648830	1565008648842	OK	 
REQUEST	87		Page 3	1565008648830	1565008648842	OK	 
REQUEST	39		Page 3	1565008648830	1565008648843	OK	 
REQUEST	25		Page 3	1565008648830	1565008648846	OK	 
REQUEST	21		Page 3	1565008648840	1565008648849	OK	 
REQUEST	20		Page 3	1565008648840	1565008648849	OK	 
REQUEST	73		Page 3	1565008648840	1565008648850	OK	 
REQUEST	42		Page 3	1565008648840	1565008648850	OK	 
REQUEST	98		Page 3	1565008648840	1565008648850	OK	 
REQUEST	28		Page 3	1565008648840	1565008648850	OK	 
REQUEST	23		Page 3	1565008648840	1565008648850	OK	 
REQUEST	71		Page 3	1565008648840	1565008648851	OK	 
REQUEST	94		Page 3	1565008648851	1565008648855	OK	 
REQUEST	4		Page 3	1565008648851	1565008648857	OK	 
REQUEST	70		Page 3	1565008648851	1565008648862	OK	 
REQUEST	13		Page 3	1565008648851	1565008648862	OK	 
REQUEST	99		Page 3	1565008648851	1565008648862	OK	 
REQUEST	31		Page 3	1565008648851	1565008648862	OK	 
REQUEST	3		Page 3	1565008648851	1565008648863	OK	 
REQUEST	61		Page 3	1565008648852	1565008648863	OK	 
REQUEST	22		Page 3	1565008648852	1565008648863	OK	 
REQUEST	63		Page 3	1565008648851	1565008648865	OK	 
REQUEST	92		Page 3	1565008648852	1565008648866	OK	 
REQUEST	51		Page 3	1565008648852	1565008648866	OK	 
REQUEST	54		Page 3	1565008648860	1565008648868	OK	 
REQUEST	35		Page 3	1565008648860	1565008648870	OK	 
REQUEST	58		Page 3	1565008648860	1565008648870	OK	 
REQUEST	84		Page 3	1565008648860	1565008648871	OK	 
REQUEST	69		Page 3	1565008648861	1565008648871	OK	 
REQUEST	10		Page 3	1565008648860	1565008648871	OK	 
REQUEST	55		Page 3	1565008648860	1565008648871	OK	 
REQUEST	59		Page 3	1565008648861	1565008648871	OK	 
REQUEST	36		Page 3	1565008648861	1565008648871	OK	 
REQUEST	44		Page 3	1565008648870	1565008648881	OK	 
REQUEST	30		Page 3	1565008648869	1565008648881	OK	 
REQUEST	27		Page 3	1565008648870	1565008648882	OK	 
REQUEST	72		Page 3	1565008648870	1565008648882	OK	 
REQUEST	78		Page 3	1565008648869	1565008648882	OK	 
REQUEST	2		Page 3	1565008648870	1565008648882	OK	 
REQUEST	24		Page 3	1565008648869	1565008648882	OK	 
REQUEST	62		Page 3	1565008648870	1565008648886	OK	 
REQUEST	40		Page 3	1565008648870	1565008648886	OK	 
REQUEST	49		Page 3	1565008648870	1565008648886	OK	 
REQUEST	8		Page 3	1565008648870	1565008648886	OK	 
REQUEST	76		Page 3	1565008648870	1565008648886	OK	 
REQUEST	56		Page 3	1565008648870	1565008648886	OK	 
REQUEST	38		Page 3	1565008648880	1565008648891	OK	 
REQUEST	91		Page 3	1565008648880	1565008648891	OK	 
REQUEST	95		Page 3	1565008648880	1565008648891	OK	 
REQUEST	1		Page 3	1565008648880	1565008648891	OK	 
REQUEST	11		Page 3	1565008648880	1565008648891	OK	 
REQUEST	79		Page 3	1565008648880	1565008648891	OK	 
REQUEST	60		Page 3	1565008648880	1565008648891	OK	 
REQUEST	75		Page 3	1565008648880	1565008648892	OK	 
REQUEST	53		Page 4	1565008649771	1565008649776	OK	 
REQUEST	46		Page 4	1565008649771	1565008649778	OK	 
REQUEST	48		Page 4	1565008649771	1565008649778	OK	 
REQUEST	7		Page 4	1565008649771	1565008649778	OK	 
REQUEST	15		Page 4	1565008649771	1565008649778	OK	 
REQUEST	43		Page 4	1565008649780	1565008649786	OK	 
REQUEST	29		Page 4	1565008649780	1565008649786	OK	 
REQUEST	17		Page 4	1565008649780	1565008649786	OK	 
REQUEST	90		Page 4	1565008649780	1565008649786	OK	 
REQUEST	67		Page 4	1565008649790	1565008649794	OK	 
REQUEST	65		Page 3	1565008649790	1565008649794	OK	 
REQUEST	66		Page 4	1565008649790	1565008649794	OK	 
REQUEST	100		Page 3	1565008649800	1565008649808	OK	 
REQUEST	57		Page 4	1565008649800	1565008649810	OK	 
REQUEST	77		Page 4	1565008649800	1565008649810	OK	 
REQUEST	14		Page 4	1565008649800	1565008649810	OK	 
REQUEST	47		Page 4	1565008649800	1565008649811	OK	 
REQUEST	19		Page 4	1565008649800	1565008649811	OK	 
REQUEST	85		Page 4	1565008649801	1565008649811	OK	 
REQUEST	68		Page 3	1565008649800	1565008649811	OK	 
REQUEST	50		Page 4	1565008649800	1565008649811	OK	 
REQUEST	18		Page 4	1565008649801	1565008649812	OK	 
REQUEST	89		Page 4	1565008649811	1565008649815	OK	 
REQUEST	86		Page 4	1565008649811	1565008649822	OK	 
REQUEST	93		Page 4	1565008649811	1565008649822	OK	 
REQUEST	64		Page 4	1565008649811	1565008649823	OK	 
REQUEST	83		Page 4	1565008649811	1565008649824	OK	 
REQUEST	88		Page 4	1565008649823	1565008649827	OK	 
REQUEST	6		Page 4	1565008649824	1565008649828	OK	 
REQUEST	9		Page 4	1565008649823	1565008649830	OK	 
REQUEST	41		Page 4	1565008649824	1565008649831	OK	 
REQUEST	12		Page 4	1565008649824	1565008649830	OK	 
REQUEST	80		Page 4	1565008649832	1565008649836	OK	 
REQUEST	81		Page 4	1565008649833	1565008649839	OK	 
REQUEST	52		Page 4	1565008649832	1565008649840	OK	 
REQUEST	32		Page 4	1565008649832	1565008649839	OK	 
REQUEST	26		Page 4	1565008649831	1565008649842	OK	 
REQUEST	45		Page 4	1565008649832	1565008649843	OK	 
REQUEST	33		Page 4	1565008649833	1565008649843	OK	 
REQUEST	74		Page 4	1565008649832	1565008649843	OK	 
REQUEST	97		Page 4	1565008649833	1565008649844	OK	 
REQUEST	87		Page 4	1565008649840	1565008649848	OK	 
REQUEST	5		Page 4	1565008649840	1565008649849	OK	 
REQUEST	73		Page 4	1565008649841	1565008649850	OK	 
REQUEST	98		Page 4	1565008649841	1565008649849	OK	 
REQUEST	42		Page 4	1565008649841	1565008649852	OK	 
REQUEST	20		Page 4	1565008649841	1565008649852	OK	 
REQUEST	39		Page 4	1565008649840	1565008649851	OK	 
REQUEST	82		Page 4	1565008649843	1565008649853	OK	 
REQUEST	23		Page 4	1565008649841	1565008649853	OK	 
REQUEST	16		Page 4	1565008649840	1565008649853	OK	 
REQUEST	37		Page 4	1565008649851	1565008649854	OK	 
REQUEST	21		Page 4	1565008649851	1565008649863	OK	 
REQUEST	28		Page 4	1565008649851	1565008649863	OK	 
REQUEST	4		Page 4	1565008649851	1565008649863	OK	 
REQUEST	25		Page 4	1565008649851	1565008649863	OK	 
REQUEST	34		Page 4	1565008649851	1565008649864	OK	 
REQUEST	96		Page 4	1565008649851	1565008649864	OK	 
REQUEST	13		Page 4	1565008649861	1565008649865	OK	 
REQUEST	54		Page 4	1565008649862	1565008649871	OK	 
REQUEST	31		Page 4	1565008649862	1565008649872	OK	 
REQUEST	94		Page 4	1565008649862	1565008649873	OK	 
REQUEST	63		Page 4	1565008649862	1565008649874	OK	 
REQUEST	70		Page 4	1565008649862	1565008649876	OK	 
REQUEST	61		Page 4	1565008649861	1565008649877	OK	 
REQUEST	92		Page 4	1565008649862	1565008649879	OK	 
REQUEST	3		Page 4	1565008649861	1565008649879	OK	 
REQUEST	99		Page 4	1565008649862	1565008649880	OK	 
REQUEST	22		Page 4	1565008649863	1565008649881	OK	 
REQUEST	51		Page 4	1565008649862	1565008649883	OK	 
REQUEST	10		Page 4	1565008649870	1565008649883	OK	 
REQUEST	69		Page 4	1565008649870	1565008649883	OK	 
REQUEST	59		Page 4	1565008649870	1565008649883	OK	 
REQUEST	36		Page 4	1565008649870	1565008649883	OK	 
REQUEST	35		Page 4	1565008649870	1565008649887	OK	 
REQUEST	84		Page 4	1565008649870	1565008649887	OK	 
REQUEST	71		Page 4	1565008649861	1565008649882	OK	 
REQUEST	58		Page 4	1565008649881	1565008649891	OK	 
REQUEST	24		Page 4	1565008649882	1565008649891	OK	 
REQUEST	55		Page 4	1565008649880	1565008649891	OK	 
REQUEST	40		Page 4	1565008649881	1565008649895	OK	 
REQUEST	78		Page 4	1565008649882	1565008649895	OK	 
REQUEST	72		Page 4	1565008649880	1565008649896	OK	 
REQUEST	27		Page 4	1565008649893	1565008649898	OK	 
REQUEST	30		Page 4	1565008649883	1565008649900	OK	 
REQUEST	76		Page 4	1565008649882	1565008649900	OK	 
REQUEST	2		Page 4	1565008649893	1565008649900	OK	 
REQUEST	95		Page 4	1565008649894	1565008649903	OK	 
REQUEST	49		Page 4	1565008649893	1565008649906	OK	 
REQUEST	1		Page 4	1565008649894	1565008649907	OK	 
REQUEST	44		Page 4	1565008649893	1565008649908	OK	 
REQUEST	79		Page 4	1565008649894	1565008649908	OK	 
REQUEST	56		Page 4	1565008649893	1565008649908	OK	 
REQUEST	60		Page 4	1565008649896	1565008649908	OK	 
REQUEST	11		Page 4	1565008649894	1565008649908	OK	 
REQUEST	8		Page 4	1565008649894	1565008649909	OK	 
REQUEST	91		Page 4	1565008649894	1565008649909	OK	 
REQUEST	75		Page 4	1565008649895	1565008649909	OK	 
REQUEST	62		Page 4	1565008649893	1565008649910	OK	 
REQUEST	38		Page 4	1565008649894	1565008649910	OK	 
REQUEST	100		Page 4	1565008650800	1565008650807	OK	 
REQUEST	68		Page 4	1565008650812	1565008650816	OK	 
REQUEST	53		Add Computer	1565008650785	1565008650799	OK	 
REQUEST	29		Add Computer	1565008650795	1565008650804	OK	 
REQUEST	46		Add Computer	1565008650785	1565008650805	OK	 
REQUEST	12		Add Computer	1565008650835	1565008650840	OK	 
REQUEST	7		Add Computer	1565008650786	1565008650804	OK	 
REQUEST	52		Add Computer	1565008650840	1565008650844	OK	 
REQUEST	89		Add Computer	1565008650812	1565008650816	OK	 
REQUEST	48		Add Computer	1565008650785	1565008650804	OK	 
REQUEST	86		Add Computer	1565008650833	1565008650837	OK	 
REQUEST	6		Add Computer	1565008650834	1565008650862	OK	 
REQUEST	15		Add Computer	1565008650785	1565008650799	OK	 
REQUEST	43		Add Computer	1565008650795	1565008650805	OK	 
REQUEST	17		Add Computer	1565008650792	1565008650799	OK	 
REQUEST	88		Add Computer	1565008650834	1565008650841	OK	 
REQUEST	90		Add Computer	1565008650795	1565008650804	OK	 
REQUEST	65		Page 4	1565008650794	1565008650869	OK	 
REQUEST	66		Add Computer	1565008650802	1565008650807	OK	 
REQUEST	7		Add Computer Redirect 1	1565008650859	1565008650866	OK	 
REQUEST	12		Add Computer Redirect 1	1565008650859	1565008650868	OK	 
REQUEST	29		Add Computer Redirect 1	1565008650859	1565008650867	OK	 
REQUEST	20		Add Computer	1565008650862	1565008650881	OK	 
REQUEST	67		Add Computer	1565008650800	1565008650808	OK	 
REQUEST	53		Add Computer Redirect 1	1565008650864	1565008650885	OK	 
REQUEST	96		Add Computer	1565008650863	1565008650885	OK	 
REQUEST	64		Add Computer	1565008650833	1565008650887	OK	 
REQUEST	25		Add Computer	1565008650863	1565008650881	OK	 
REQUEST	73		Add Computer	1565008650861	1565008650894	OK	 
USER	Basic Simulation	53	END	1565008640566	1565008650896
REQUEST	9		Add Computer	1565008650834	1565008650895	OK	 
USER	Basic Simulation	7	END	1565008640511	1565008650896
USER	Basic Simulation	29	END	1565008640561	1565008650896
REQUEST	57		Add Computer	1565008650832	1565008650897	OK	 
USER	Basic Simulation	12	END	1565008640513	1565008650898
REQUEST	93		Add Computer	1565008650833	1565008650897	OK	 
REQUEST	16		Add Computer	1565008650863	1565008650889	OK	 
REQUEST	86		Add Computer Redirect 1	1565008650861	1565008650892	OK	 
USER	Basic Simulation	86	END	1565008640572	1565008650902
REQUEST	41		Add Computer	1565008650834	1565008650898	OK	 
REQUEST	32		Add Computer	1565008650841	1565008650899	OK	 
REQUEST	89		Add Computer Redirect 1	1565008650860	1565008650904	OK	 
USER	Basic Simulation	89	END	1565008640573	1565008650905
REQUEST	48		Add Computer Redirect 1	1565008650860	1565008650904	OK	 
USER	Basic Simulation	48	END	1565008640566	1565008650905
REQUEST	39		Add Computer	1565008650850	1565008650899	OK	 
REQUEST	87		Add Computer	1565008650851	1565008650906	OK	 
REQUEST	23		Add Computer	1565008650862	1565008650908	OK	 
REQUEST	77		Add Computer	1565008650832	1565008650898	OK	 
REQUEST	4		Add Computer	1565008650863	1565008650910	OK	 
REQUEST	82		Add Computer	1565008650862	1565008650910	OK	 
REQUEST	47		Add Computer	1565008650813	1565008650911	OK	 
REQUEST	14		Add Computer	1565008650811	1565008650911	OK	 
REQUEST	45		Add Computer	1565008650841	1565008650910	OK	 
REQUEST	90		Add Computer Redirect 1	1565008650869	1565008650911	OK	 
REQUEST	18		Add Computer	1565008650833	1565008650911	OK	 
USER	Basic Simulation	90	END	1565008640573	1565008650912
REQUEST	97		Add Computer	1565008650841	1565008650910	OK	 
REQUEST	66		Add Computer Redirect 1	1565008650870	1565008650912	OK	 
USER	Basic Simulation	66	END	1565008640569	1565008650913
REQUEST	37		Add Computer	1565008650851	1565008650912	OK	 
REQUEST	81		Add Computer	1565008650842	1565008650913	OK	 
REQUEST	50		Add Computer	1565008650833	1565008650914	OK	 
REQUEST	31		Add Computer	1565008650872	1565008650914	OK	 
REQUEST	20		Add Computer Redirect 1	1565008650883	1565008650914	OK	 
USER	Basic Simulation	20	END	1565008640523	1565008650914
REQUEST	17		Add Computer Redirect 1	1565008650866	1565008650915	OK	 
USER	Basic Simulation	17	END	1565008640522	1565008650915
REQUEST	52		Add Computer Redirect 1	1565008650859	1565008650923	OK	 
REQUEST	80		Add Computer	1565008650834	1565008650923	OK	 
USER	Basic Simulation	52	END	1565008640566	1565008650924
REQUEST	6		Add Computer Redirect 1	1565008650864	1565008650933	OK	 
REQUEST	33		Add Computer	1565008650850	1565008650933	OK	 
REQUEST	88		Add Computer Redirect 1	1565008650866	1565008650934	OK	 
REQUEST	21		Add Computer	1565008650863	1565008650933	OK	 
REQUEST	15		Add Computer Redirect 1	1565008650865	1565008650933	OK	 
REQUEST	34		Add Computer	1565008650863	1565008650933	OK	 
USER	Basic Simulation	6	END	1565008640511	1565008650934
USER	Basic Simulation	88	END	1565008640573	1565008650934
USER	Basic Simulation	15	END	1565008640522	1565008650934
REQUEST	94		Add Computer	1565008650872	1565008650933	OK	 
REQUEST	26		Add Computer	1565008650840	1565008650933	OK	 
REQUEST	5		Add Computer	1565008650861	1565008650934	OK	 
REQUEST	98		Add Computer	1565008650861	1565008650934	OK	 
REQUEST	46		Add Computer Redirect 1	1565008650867	1565008650935	OK	 
REQUEST	85		Add Computer	1565008650812	1565008650935	OK	 
REQUEST	42		Add Computer	1565008650862	1565008650935	OK	 
USER	Basic Simulation	46	END	1565008640565	1565008650935
REQUEST	74		Add Computer	1565008650841	1565008650936	OK	 
REQUEST	36		Add Computer	1565008650884	1565008650953	OK	 
REQUEST	58		Add Computer	1565008650885	1565008650955	OK	 
REQUEST	96		Add Computer Redirect 1	1565008650887	1565008650955	OK	 
REQUEST	43		Add Computer Redirect 1	1565008650873	1565008650955	OK	 
REQUEST	67		Add Computer Redirect 1	1565008650887	1565008650955	OK	 
USER	Basic Simulation	43	END	1565008640565	1565008650956
USER	Basic Simulation	67	END	1565008640569	1565008650956
USER	Basic Simulation	96	END	1565008640574	1565008650956
REQUEST	83		Add Computer	1565008650834	1565008650956	OK	 
REQUEST	19		Add Computer	1565008650833	1565008650957	OK	 
REQUEST	99		Add Computer	1565008650884	1565008650957	OK	 
REQUEST	3		Add Computer	1565008650884	1565008650958	OK	 
REQUEST	64		Add Computer Redirect 1	1565008650889	1565008650959	OK	 
USER	Basic Simulation	64	END	1565008640568	1565008650960
REQUEST	35		Add Computer	1565008650885	1565008650960	OK	 
REQUEST	10		Add Computer	1565008650891	1565008650968	OK	 
REQUEST	63		Add Computer	1565008650883	1565008650968	OK	 
REQUEST	27		Add Computer	1565008650891	1565008650974	OK	 
REQUEST	72		Add Computer	1565008650891	1565008650982	OK	 
REQUEST	78		Add Computer	1565008650891	1565008650982	OK	 
REQUEST	24		Add Computer	1565008650892	1565008650982	OK	 
REQUEST	84		Add Computer	1565008650892	1565008650985	OK	 
REQUEST	59		Add Computer	1565008650894	1565008650985	OK	 
REQUEST	25		Add Computer Redirect 1	1565008650893	1565008650985	OK	 
USER	Basic Simulation	25	END	1565008640560	1565008650985
REQUEST	73		Add Computer Redirect 1	1565008650895	1565008650985	OK	 
USER	Basic Simulation	73	END	1565008640570	1565008650986
REQUEST	51		Add Computer	1565008650894	1565008650988	OK	 
REQUEST	71		Add Computer	1565008650873	1565008650989	OK	 
REQUEST	55		Add Computer	1565008650886	1565008650990	OK	 
REQUEST	9		Add Computer Redirect 1	1565008650896	1565008650990	OK	 
REQUEST	13		Add Computer	1565008650871	1565008650990	OK	 
REQUEST	69		Add Computer	1565008650893	1565008650991	OK	 
REQUEST	16		Add Computer Redirect 1	1565008650898	1565008650991	OK	 
REQUEST	61		Add Computer	1565008650884	1565008650991	OK	 
REQUEST	57		Add Computer Redirect 1	1565008650897	1565008650991	OK	 
REQUEST	92		Add Computer	1565008650872	1565008650991	OK	 
USER	Basic Simulation	9	END	1565008640513	1565008650991
USER	Basic Simulation	16	END	1565008640519	1565008650991
USER	Basic Simulation	57	END	1565008640567	1565008650991
REQUEST	93		Add Computer Redirect 1	1565008650898	1565008650992	OK	 
REQUEST	28		Add Computer	1565008650871	1565008650992	OK	 
USER	Basic Simulation	93	END	1565008640573	1565008650992
REQUEST	2		Add Computer	1565008650900	1565008650996	OK	 
REQUEST	44		Add Computer	1565008650900	1565008650996	OK	 
REQUEST	30		Add Computer	1565008650900	1565008650997	OK	 
REQUEST	60		Add Computer	1565008650900	1565008650997	OK	 
REQUEST	11		Add Computer	1565008650900	1565008650997	OK	 
REQUEST	40		Add Computer	1565008650900	1565008650998	OK	 
REQUEST	79		Add Computer	1565008650900	1565008650998	OK	 
REQUEST	1		Add Computer	1565008650900	1565008650998	OK	 
REQUEST	54		Add Computer	1565008650883	1565008650998	OK	 
REQUEST	91		Add Computer	1565008650901	1565008650998	OK	 
REQUEST	32		Add Computer Redirect 1	1565008650904	1565008650998	OK	 
REQUEST	49		Add Computer	1565008650901	1565008650998	OK	 
USER	Basic Simulation	32	END	1565008640562	1565008650998
REQUEST	95		Add Computer	1565008650900	1565008650998	OK	 
REQUEST	22		Add Computer	1565008650884	1565008650998	OK	 
REQUEST	41		Add Computer Redirect 1	1565008650903	1565008650999	OK	 
REQUEST	70		Add Computer	1565008650885	1565008650999	OK	 
USER	Basic Simulation	41	END	1565008640564	1565008650999
REQUEST	39		Add Computer Redirect 1	1565008650906	1565008650999	OK	 
USER	Basic Simulation	39	END	1565008640564	1565008651000
REQUEST	56		Add Computer	1565008650900	1565008651000	OK	 
REQUEST	23		Add Computer Redirect 1	1565008650908	1565008651000	OK	 
REQUEST	8		Add Computer	1565008650901	1565008651000	OK	 
USER	Basic Simulation	23	END	1565008640527	1565008651001
REQUEST	87		Add Computer Redirect 1	1565008650907	1565008651001	OK	 
USER	Basic Simulation	87	END	1565008640573	1565008651001
REQUEST	77		Add Computer Redirect 1	1565008650910	1565008651010	OK	 
USER	Basic Simulation	77	END	1565008640571	1565008651010
REQUEST	76		Add Computer	1565008650910	1565008651011	OK	 
REQUEST	62		Add Computer	1565008650910	1565008651011	OK	 
REQUEST	75		Add Computer	1565008650910	1565008651011	OK	 
REQUEST	4		Add Computer Redirect 1	1565008650911	1565008651011	OK	 
USER	Basic Simulation	4	END	1565008640511	1565008651011
REQUEST	82		Add Computer Redirect 1	1565008650911	1565008651013	OK	 
REQUEST	47		Add Computer Redirect 1	1565008650911	1565008651013	OK	 
REQUEST	38		Add Computer	1565008650910	1565008651013	OK	 
USER	Basic Simulation	82	END	1565008640572	1565008651014
USER	Basic Simulation	47	END	1565008640565	1565008651014
REQUEST	18		Add Computer Redirect 1	1565008650912	1565008651014	OK	 
USER	Basic Simulation	18	END	1565008640522	1565008651014
REQUEST	37		Add Computer Redirect 1	1565008650913	1565008651015	OK	 
REQUEST	31		Add Computer Redirect 1	1565008650914	1565008651015	OK	 
REQUEST	97		Add Computer Redirect 1	1565008650913	1565008651015	OK	 
REQUEST	14		Add Computer Redirect 1	1565008650911	1565008651016	OK	 
REQUEST	45		Add Computer Redirect 1	1565008650911	1565008651016	OK	 
USER	Basic Simulation	37	END	1565008640563	1565008651016
USER	Basic Simulation	31	END	1565008640562	1565008651016
USER	Basic Simulation	14	END	1565008640522	1565008651016
USER	Basic Simulation	97	END	1565008640574	1565008651016
USER	Basic Simulation	45	END	1565008640565	1565008651016
REQUEST	50		Add Computer Redirect 1	1565008650914	1565008651016	OK	 
REQUEST	81		Add Computer Redirect 1	1565008650914	1565008651016	OK	 
USER	Basic Simulation	50	END	1565008640566	1565008651016
USER	Basic Simulation	81	END	1565008640572	1565008651017
REQUEST	80		Add Computer Redirect 1	1565008650924	1565008651021	OK	 
USER	Basic Simulation	80	END	1565008640571	1565008651021
REQUEST	33		Add Computer Redirect 1	1565008650934	1565008651026	OK	 
USER	Basic Simulation	33	END	1565008640562	1565008651026
REQUEST	21		Add Computer Redirect 1	1565008650934	1565008651029	OK	 
REQUEST	34		Add Computer Redirect 1	1565008650934	1565008651029	OK	 
USER	Basic Simulation	21	END	1565008640523	1565008651029
REQUEST	94		Add Computer Redirect 1	1565008650935	1565008651029	OK	 
USER	Basic Simulation	34	END	1565008640563	1565008651030
USER	Basic Simulation	94	END	1565008640574	1565008651030
REQUEST	98		Add Computer Redirect 1	1565008650935	1565008651030	OK	 
USER	Basic Simulation	98	END	1565008640579	1565008651030
REQUEST	26		Add Computer Redirect 1	1565008650935	1565008651030	OK	 
REQUEST	5		Add Computer Redirect 1	1565008650935	1565008651030	OK	 
USER	Basic Simulation	5	END	1565008640511	1565008651031
USER	Basic Simulation	26	END	1565008640560	1565008651031
REQUEST	74		Add Computer Redirect 1	1565008650936	1565008651031	OK	 
USER	Basic Simulation	74	END	1565008640570	1565008651031
REQUEST	42		Add Computer Redirect 1	1565008650935	1565008651031	OK	 
USER	Basic Simulation	42	END	1565008640564	1565008651032
REQUEST	85		Add Computer Redirect 1	1565008650935	1565008651040	OK	 
USER	Basic Simulation	85	END	1565008640572	1565008651041
REQUEST	36		Add Computer Redirect 1	1565008650954	1565008651045	OK	 
USER	Basic Simulation	36	END	1565008640563	1565008651046
REQUEST	58		Add Computer Redirect 1	1565008650955	1565008651046	OK	 
REQUEST	83		Add Computer Redirect 1	1565008650956	1565008651046	OK	 
REQUEST	10		Add Computer Redirect 1	1565008650969	1565008651047	OK	 
REQUEST	99		Add Computer Redirect 1	1565008650958	1565008651047	OK	 
USER	Basic Simulation	58	END	1565008640567	1565008651047
USER	Basic Simulation	83	END	1565008640572	1565008651047
USER	Basic Simulation	10	END	1565008640512	1565008651047
USER	Basic Simulation	99	END	1565008640579	1565008651047
REQUEST	63		Add Computer Redirect 1	1565008650969	1565008651047	OK	 
USER	Basic Simulation	63	END	1565008640568	1565008651048
REQUEST	27		Add Computer Redirect 1	1565008650974	1565008651048	OK	 
REQUEST	19		Add Computer Redirect 1	1565008650957	1565008651048	OK	 
REQUEST	78		Add Computer Redirect 1	1565008650982	1565008651048	OK	 
REQUEST	72		Add Computer Redirect 1	1565008650982	1565008651048	OK	 
USER	Basic Simulation	27	END	1565008640560	1565008651048
USER	Basic Simulation	19	END	1565008640527	1565008651048
USER	Basic Simulation	72	END	1565008640570	1565008651048
USER	Basic Simulation	78	END	1565008640571	1565008651048
REQUEST	3		Add Computer Redirect 1	1565008650958	1565008651048	OK	 
REQUEST	59		Add Computer Redirect 1	1565008650985	1565008651048	OK	 
REQUEST	24		Add Computer Redirect 1	1565008650982	1565008651048	OK	 
USER	Basic Simulation	59	END	1565008640568	1565008651048
USER	Basic Simulation	3	END	1565008640511	1565008651048
USER	Basic Simulation	24	END	1565008640534	1565008651048
REQUEST	71		Add Computer Redirect 1	1565008650990	1565008651049	OK	 
REQUEST	35		Add Computer Redirect 1	1565008650961	1565008651049	OK	 
REQUEST	84		Add Computer Redirect 1	1565008650985	1565008651049	OK	 
USER	Basic Simulation	71	END	1565008640570	1565008651049
USER	Basic Simulation	35	END	1565008640563	1565008651049
USER	Basic Simulation	84	END	1565008640572	1565008651049
REQUEST	55		Add Computer Redirect 1	1565008650991	1565008651067	OK	 
USER	Basic Simulation	55	END	1565008640567	1565008651068
REQUEST	61		Add Computer Redirect 1	1565008650991	1565008651068	OK	 
USER	Basic Simulation	61	END	1565008640568	1565008651068
REQUEST	28		Add Computer Redirect 1	1565008650992	1565008651068	OK	 
USER	Basic Simulation	28	END	1565008640560	1565008651068
REQUEST	91		Add Computer Redirect 1	1565008650998	1565008651068	OK	 
USER	Basic Simulation	91	END	1565008640573	1565008651069
REQUEST	60		Add Computer Redirect 1	1565008650998	1565008651069	OK	 
REQUEST	1		Add Computer Redirect 1	1565008650998	1565008651069	OK	 
REQUEST	40		Add Computer Redirect 1	1565008650998	1565008651069	OK	 
REQUEST	95		Add Computer Redirect 1	1565008650999	1565008651069	OK	 
USER	Basic Simulation	60	END	1565008640568	1565008651069
REQUEST	62		Add Computer Redirect 1	1565008651011	1565008651069	OK	 
REQUEST	51		Add Computer Redirect 1	1565008650988	1565008651069	OK	 
USER	Basic Simulation	1	END	1565008640511	1565008651069
USER	Basic Simulation	40	END	1565008640564	1565008651069
USER	Basic Simulation	95	END	1565008640574	1565008651069
USER	Basic Simulation	62	END	1565008640568	1565008651069
USER	Basic Simulation	51	END	1565008640566	1565008651069
REQUEST	8		Add Computer Redirect 1	1565008651001	1565008651069	OK	 
USER	Basic Simulation	8	END	1565008640512	1565008651070
REQUEST	11		Add Computer Redirect 1	1565008650998	1565008651071	OK	 
REQUEST	69		Add Computer Redirect 1	1565008650991	1565008651071	OK	 
REQUEST	22		Add Computer Redirect 1	1565008650999	1565008651071	OK	 
REQUEST	13		Add Computer Redirect 1	1565008650991	1565008651071	OK	 
REQUEST	44		Add Computer Redirect 1	1565008650996	1565008651071	OK	 
REQUEST	49		Add Computer Redirect 1	1565008650999	1565008651071	OK	 
USER	Basic Simulation	11	END	1565008640513	1565008651071
REQUEST	30		Add Computer Redirect 1	1565008650997	1565008651071	OK	 
USER	Basic Simulation	13	END	1565008640515	1565008651071
USER	Basic Simulation	22	END	1565008640527	1565008651071
USER	Basic Simulation	69	END	1565008640569	1565008651071
USER	Basic Simulation	44	END	1565008640565	1565008651071
REQUEST	75		Add Computer Redirect 1	1565008651011	1565008651071	OK	 
USER	Basic Simulation	49	END	1565008640566	1565008651071
REQUEST	92		Add Computer Redirect 1	1565008650991	1565008651071	OK	 
REQUEST	70		Add Computer Redirect 1	1565008650999	1565008651071	OK	 
USER	Basic Simulation	30	END	1565008640562	1565008651072
USER	Basic Simulation	75	END	1565008640570	1565008651072
USER	Basic Simulation	92	END	1565008640573	1565008651072
USER	Basic Simulation	70	END	1565008640569	1565008651072
REQUEST	2		Add Computer Redirect 1	1565008650996	1565008651072	OK	 
REQUEST	54		Add Computer Redirect 1	1565008650998	1565008651072	OK	 
REQUEST	79		Add Computer Redirect 1	1565008650998	1565008651072	OK	 
USER	Basic Simulation	2	END	1565008640511	1565008651072
USER	Basic Simulation	54	END	1565008640567	1565008651072
USER	Basic Simulation	79	END	1565008640571	1565008651072
REQUEST	56		Add Computer Redirect 1	1565008651000	1565008651072	OK	 
REQUEST	38		Add Computer Redirect 1	1565008651014	1565008651072	OK	 
USER	Basic Simulation	38	END	1565008640564	1565008651072
USER	Basic Simulation	56	END	1565008640567	1565008651072
REQUEST	76		Add Computer Redirect 1	1565008651011	1565008651072	OK	 
USER	Basic Simulation	76	END	1565008640571	1565008651073
REQUEST	100		Add Computer	1565008651811	1565008651815	OK	 
REQUEST	100		Add Computer Redirect 1	1565008651817	1565008651820	OK	 
USER	Basic Simulation	100	END	1565008640580	1565008651821
REQUEST	68		Add Computer	1565008651820	1565008651824	OK	 
REQUEST	68		Add Computer Redirect 1	1565008651826	1565008651829	OK	 
USER	Basic Simulation	68	END	1565008640569	1565008651831
REQUEST	65		Add Computer	1565008651860	1565008651864	OK	 
REQUEST	65		Add Computer Redirect 1	1565008651864	1565008651869	OK	 
USER	Basic Simulation	65	END	1565008640568	1565008651869
